{"meta": {"version": "6.5.0", "timestamp": "2022-10-10T10:45:17.622728", "branch_coverage": true, "show_contexts": false}, "files": {"src/__init__.py": {"executed_lines": [1], "summary": {"covered_lines": 0, "num_statements": 0, "percent_covered": 100.0, "percent_covered_display": "100", "missing_lines": 0, "excluded_lines": 0, "num_branches": 0, "num_partial_branches": 0, "covered_branches": 0, "missing_branches": 0}, "missing_lines": [], "excluded_lines": [], "executed_branches": [], "missing_branches": []}, "src/example_google.py": {"executed_lines": [2, 36, 38, 46, 66, 79, 128, 129, 130, 133, 154, 155, 176, 181, 182, 198, 227, 228, 232, 233, 242, 243, 246, 262, 278, 281, 296], "summary": {"covered_lines": 25, "num_statements": 43, "percent_covered": 57.4468085106383, "percent_covered_display": "57", "missing_lines": 18, "excluded_lines": 0, "num_branches": 4, "num_partial_branches": 0, "covered_branches": 2, "missing_branches": 2}, "missing_lines": [150, 151, 177, 178, 217, 218, 219, 222, 224, 225, 230, 240, 244, 260, 276, 279, 294, 297], "excluded_lines": [], "executed_branches": [[128, 129], [128, 130]], "missing_branches": [[150, -133], [150, 151]]}}, "totals": {"covered_lines": 25, "num_statements": 43, "percent_covered": 57.4468085106383, "percent_covered_display": "57", "missing_lines": 18, "excluded_lines": 0, "num_branches": 4, "num_partial_branches": 0, "covered_branches": 2, "missing_branches": 2}}